JvmtiExport can_access_local_variables 0
JvmtiExport can_hotswap_or_post_breakpoint 0
JvmtiExport can_post_on_exceptions 0
# 128 ciObject found
ciMethod java/lang/Object hashCode ()I 2049 1 256 0 -1
ciMethod java/lang/Object equals (Ljava/lang/Object;)Z 3153 1 39273 0 -1
ciMethod java/lang/Object notifyAll ()V 2049 1 256 0 -1
ciMethod java/lang/Object wait ()V 25 1 28 0 -1
ciMethod java/util/Hashtable get (Ljava/lang/Object;)Ljava/lang/Object; 2049 417 11617 0 1184
ciMethod java/util/Hashtable addEntry (ILjava/lang/Object;Ljava/lang/Object;I)V 2369 1 7248 0 -1
ciMethod java/util/Hashtable put (Ljava/lang/Object;Ljava/lang/Object;)Ljava/lang/Object; 2217 969 8978 0 0
ciMethod java/util/Hashtable remove (Ljava/lang/Object;)Ljava/lang/Object; 3289 1065 3000 0 0
ciMethodData java/util/Hashtable get (Ljava/lang/Object;)Ljava/lang/Object; 2 11617 orig 264 72 173 56 102 0 0 0 0 200 130 206 6 0 0 0 0 40 2 0 0 160 0 0 0 0 0 0 0 0 0 0 0 0 0 0 0 0 0 0 0 0 0 0 0 0 0 0 0 0 0 0 0 0 0 0 0 0 0 0 0 0 0 0 0 0 0 0 0 0 0 0 0 0 0 0 0 0 0 0 0 77 68 79 32 101 120 116 114 97 32 100 97 116 97 32 108 111 99 107 0 0 0 0 0 0 0 0 0 0 0 0 0 0 0 0 0 0 0 0 0 0 0 0 0 0 0 0 0 0 0 0 0 0 0 0 0 0 0 0 0 0 0 0 0 1 0 0 0 0 0 0 0 0 0 0 0 0 0 0 0 0 0 0 0 0 0 0 0 0 0 0 0 0 0 0 0 0 0 0 1 0 0 0 0 17 0 0 0 0 0 0 0 0 0 0 0 0 0 0 0 1 0 0 0 0 0 0 0 0 0 0 0 0 0 0 0 0 1 0 0 9 99 1 0 113 88 0 0 7 20 0 0 60 5 0 0 2 0 0 0 1 0 11 0 2 0 0 0 216 0 0 0 255 255 255 255 5 0 6 0 0 0 0 0 data 27 0x60005 0x14ca 0x6c77260 0x1441 0x88e7380 0x356 0x1b0007 0x172a 0xa8 0x2045 0x240007 0xb0b 0x70 0x153a 0x2d0005 0x6a3 0x6c77260 0xc86 0x88e7380 0x211 0x30e007 0x3 0x20 0x1538 0x400003 0xb0e 0xffffffffffffff70 oops 4 2 java/lang/String 4 org/apache/log4j/CategoryKey 16 java/lang/String 18 org/apache/log4j/CategoryKey
ciMethod javax/swing/UIDefaults getFromHashtable (Ljava/lang/Object;)Ljava/lang/Object; 2073 1 12571 0 -1
ciMethod javax/swing/UIDefaults$LazyValue createValue (Ljavax/swing/UIDefaults;)Ljava/lang/Object; 0 0 1 0 -1
ciMethod javax/swing/UIDefaults$ActiveValue createValue (Ljavax/swing/UIDefaults;)Ljava/lang/Object; 0 0 1 0 -1
ciMethod javax/swing/plaf/basic/BasicLookAndFeel$2 createValue (Ljavax/swing/UIDefaults;)Ljava/lang/Object; 169 1 21 0 0
ciMethodData javax/swing/UIDefaults getFromHashtable (Ljava/lang/Object;)Ljava/lang/Object; 2 12571 orig 264 72 173 56 102 0 0 0 0 40 39 188 10 0 0 0 0 40 6 0 0 96 0 0 0 0 0 0 0 0 0 0 0 0 0 0 0 0 0 0 0 0 0 0 0 0 0 0 0 0 0 0 0 0 0 0 0 0 0 0 0 0 0 0 0 0 0 0 0 0 0 0 0 0 0 0 0 0 0 0 0 77 68 79 32 101 120 116 114 97 32 100 97 116 97 32 108 111 99 107 0 0 0 0 0 0 0 0 0 0 0 0 0 0 0 0 0 0 0 0 0 0 0 0 0 0 0 0 0 0 0 0 0 0 0 0 0 0 0 0 0 0 0 0 0 1 0 0 0 0 0 0 0 0 0 0 0 0 0 0 0 0 0 0 0 0 0 0 0 0 0 0 0 0 0 0 0 0 0 0 1 0 0 0 0 0 0 0 0 0 0 0 0 0 0 0 0 0 0 0 0 0 0 0 0 0 0 0 0 0 0 0 0 0 0 0 0 3 1 0 0 193 128 1 0 1 0 0 0 135 24 0 0 0 0 0 0 2 0 0 0 1 0 53 0 2 0 0 0 216 4 0 0 255 255 255 255 2 0 2 0 0 0 0 0 data 155 0x20002 0x3018 0xa0007 0x0 0xc0 0x3018 0xe0104 0xffffffffffffea71 0x9034230 0x29 0x90342e0 0x7 0x11e007 0x4 0x70 0x3015 0x150104 0xffffffffffffea9b 0x9034230 0x29 0x90342e0 0x7 0x180007 0x2a 0x20 0x2feb 0x230002 0x2e 0x2b0007 0x2e 0x98 0x0 0x2f0005 0x0 0x0 0x0 0x0 0x0 0x320003 0x0 0x18 0x390002 0x0 0x410007 0x0 0xffffffffffffffa8 0x0 0x490004 0xfffffffffffffffc 0x9034390 0x1f 0x9034440 0x7 0x4c0007 0x4 0x48 0x2a 0x540002 0x2a 0x580003 0x2a 0x68 0x5c0004 0x0 0x90344f0 0x4 0x0 0x0 0x5f0007 0x4 0x20 0x0 0x680003 0x2e 0x18 0x730004 0xfffffffffffffffc 0x9034390 0x1f 0x9034440 0x7 0x760007 0x4 0x1f0 0x2a 0x7a0004 0x0 0x9034390 0x1f 0x9034440 0x7 0x7e0005 0x4 0x9034390 0x1f 0x9034440 0x7 0x890007 0x28 0x48 0x2 0x8e0002 0x2 0x920003 0x2 0x28 0x980002 0x28 0x9d0005 0x2 0x9033980 0x28 0x0 0x0 0xa20003 0x2a 0x18 0xac0003 0x2a 0xb8 0xb70007 0x0 0x48 0x0 0xbc0002 0x0 0xc00003 0x0 0x28 0xc60002 0x0 0xcb0005 0x0 0x0 0x0 0x0 0x0 0xd10003 0x0 0x18 0xdf0003 0x2a 0x78 0xe30004 0x0 0x90344f0 0x4 0x0 0x0 0xe70005 0x0 0x90344f0 0x4 0x0 0x0 oops 16 8 javax/swing/plaf/ColorUIResource 10 sun/swing/PrintColorUIResource 18 javax/swing/plaf/ColorUIResource 20 sun/swing/PrintColorUIResource 49 javax/swing/UIDefaults$LazyInputMap 51 sun/swing/SwingLazyValue 64 javax/swing/plaf/basic/BasicLookAndFeel$2 77 javax/swing/UIDefaults$LazyInputMap 79 sun/swing/SwingLazyValue 87 javax/swing/UIDefaults$LazyInputMap 89 sun/swing/SwingLazyValue 93 javax/swing/UIDefaults$LazyInputMap 95 sun/swing/SwingLazyValue 110 javax/swing/UIDefaults 145 javax/swing/plaf/basic/BasicLookAndFeel$2 151 javax/swing/plaf/basic/BasicLookAndFeel$2
ciMethod javax/swing/DefaultListCellRenderer$UIResource <init> ()V 169 1 21 0 -1
instanceKlass com/microsoft/applicationinsights/internal/channel/common/ActiveTransmissionNetworkOutput$2
instanceKlass com/microsoft/applicationinsights/internal/channel/common/Transmission
instanceKlass java/awt/AWTEvent$2
instanceKlass java/awt/LightweightDispatcher$1
instanceKlass java/awt/Container$MouseEventTargetFilter
instanceKlass java/awt/Container$EventTargetFilter
instanceKlass com/intellij/openapi/ui/ThreeComponentsSplitter$Divider$$Lambda$1307
instanceKlass com/intellij/openapi/vcs/readOnlyHandler/ReadonlyStatusHandlerImpl$State
instanceKlass com/intellij/openapi/vfs/ReadonlyStatusHandler$OperationStatus
instanceKlass com/intellij/openapi/vfs/ReadonlyStatusHandler
instanceKlass com/intellij/vcs/commit/CommitMessageInspectionProfile$CommitMessageInspectionToolSupplier$$Lambda$1306
instanceKlass com/intellij/vcs/commit/CommitMessageSpellCheckingInspection$$Lambda$1305
instanceKlass com/intellij/vcs/commit/CommitMessageInspectionProfile$State
instanceKlass com/intellij/vcs/commit/CommitMessageInspectionProfile$CommitMessageInspectionToolSupplier
instanceKlass com/intellij/openapi/vcs/contentAnnotation/VcsContentAnnotationSettings$State
instanceKlass com/intellij/openapi/vcs/contentAnnotation/VcsContentAnnotationSettings
instanceKlass com/intellij/lang/javascript/settings/JSApplicationSettings
instanceKlass com/intellij/application/options/XmlSettings
instanceKlass com/intellij/util/ui/FormBuilder
instanceKlass com/intellij/lang/typescript/settings/JSImportOptionsProvider$$Lambda$1304
instanceKlass com/intellij/lang/typescript/settings/JSImportOptionsProvider$$Lambda$1303
instanceKlass com/intellij/lang/typescript/settings/JSImportOptionsProvider
instanceKlass com/intellij/application/options/XmlAutoImportOptionsProvider
instanceKlass com/intellij/application/options/editor/AutoImportOptionsConfigurable$$Lambda$1302
instanceKlass com/intellij/application/options/editor/AutoImportOptionsProvider
instanceKlass com/intellij/util/io/PagedFileStorage$StorageLock$2
instanceKlass com/intellij/util/io/ResizeableMappedFile$1
instanceKlass javax/swing/plaf/basic/BasicDirectoryModel$DoChangeContents
instanceKlass javax/swing/plaf/basic/BasicDirectoryModel$LoadFilesThread$1
instanceKlass sun/awt/shell/ShellFolder$1
instanceKlass com/intellij/psi/impl/smartPointers/SelfElementInfo$$Lambda$1301
instanceKlass com/jetbrains/jsonSchema/ide/JsonSchemaService$Impl
instanceKlass com/intellij/remoteServer/impl/runtime/ui/ServersToolWindowManager$$Lambda$1300
instanceKlass com/intellij/tasks/impl/TaskManagerImpl$$Lambda$1299
instanceKlass com/jetbrains/rider/debugger/DotNetRunnerBase$Companion
instanceKlass com/jetbrains/rider/debugger/DotNetRunnerBase$DefaultImpls
instanceKlass com/jetbrains/nodeJs/NodeJSDebuggableConfiguration
instanceKlass org/jetbrains/debugger/DebuggableRunConfiguration
instanceKlass javax/swing/plaf/basic/BasicDirectoryModel$1
instanceKlass com/intellij/execution/configurations/RunConfigurationWithSuppressedDefaultDebugAction
instanceKlass com/intellij/javascript/debugger/DebuggableFileFinder
instanceKlass com/intellij/xdebugger/XDebugProcessStarter
instanceKlass com/intellij/javascript/karma/coverage/KarmaCoverageSession
instanceKlass com/intellij/execution/configurations/RefactoringListenerProvider
instanceKlass com/intellij/javascript/testFramework/PreferableRunConfiguration
instanceKlass com/intellij/javascript/nodejs/debug/NodeDebugRunConfiguration
instanceKlass com/intellij/execution/testframework/sm/runner/ui/TestResultsViewer$EventsListener
instanceKlass com/intellij/execution/testframework/sm/runner/ui/TestProxyTreeSelectionListener
instanceKlass sun/awt/shell/Win32ShellFolder2$13
instanceKlass javax/swing/filechooser/WindowsFileSystemView$1
instanceKlass com/jetbrains/rider/debugger/DotNetDebugRunner$Companion
instanceKlass com/jetbrains/rider/debugger/RiderDebugRunner$Companion
instanceKlass com/jetbrains/rider/debugger/DotNetRunnerBase
instanceKlass com/intellij/execution/runners/BaseProgramRunner
instanceKlass com/intellij/execution/compound/SettingsAndEffectiveTarget
instanceKlass com/intellij/execution/ExecutorRegistryImpl$ExecutorAction$$Lambda$1298
instanceKlass com/intellij/execution/ExecutorRegistryImpl$ExecutorAction$$Lambda$1297
instanceKlass com/intellij/openapi/fileEditor/impl/text/AsyncHighlighterUpdater$$Lambda$1296
instanceKlass com/intellij/ui/tabs/FileColorConfiguration
instanceKlass com/intellij/ui/Colored
instanceKlass com/intellij/psi/search/scope/packageSet/CustomScopesProvider$$Lambda$1295
instanceKlass com/intellij/psi/search/scope/packageSet/CustomScopesFilter
instanceKlass com/intellij/ui/tabs/FileColorsModel
instanceKlass com/intellij/ide/ApplicationActivationStateManager$1
instanceKlass com/intellij/ide/ClipboardSynchronizer$$Lambda$1294
instanceKlass com/intellij/ide/ClipboardSynchronizer$$Lambda$1293
instanceKlass sun/awt/datatransfer/DataTransferer$IndexedComparator
instanceKlass sun/awt/datatransfer/DataTransferer$StandardEncodingsHolder
instanceKlass java/awt/datatransfer/SystemFlavorMap$2
instanceKlass sun/net/DefaultProgressMeteringPolicy
instanceKlass sun/net/ProgressMeteringPolicy
instanceKlass sun/net/ProgressMonitor
instanceKlass java/awt/datatransfer/SystemFlavorMap$1
instanceKlass sun/awt/Mutex
instanceKlass sun/awt/datatransfer/ToolkitThreadBlockedHandler
instanceKlass sun/awt/datatransfer/DataTransferer
instanceKlass java/awt/datatransfer/Clipboard
instanceKlass com/intellij/ide/ClipboardSynchronizer$$Lambda$1292
instanceKlass com/intellij/ide/ClipboardSynchronizer$$Lambda$1291
instanceKlass com/intellij/openapi/application/ex/ClipboardUtil
instanceKlass com/intellij/ide/FrameStateManagerImpl$2$$Lambda$1290
instanceKlass org/zmlx/hg4idea/log/HgRefManager$$Lambda$1289
instanceKlass org/zmlx/hg4idea/log/HgRefManager$$Lambda$1288
instanceKlass org/zmlx/hg4idea/log/HgRefManager$SimpleRefType
instanceKlass com/intellij/vcs/log/RefGroup
instanceKlass org/zmlx/hg4idea/log/HgRefManager
instanceKlass java/awt/BufferCapabilities
instanceKlass java/awt/AttributeValue
instanceKlass org/zmlx/hg4idea/log/HgLogProvider
instanceKlass com/sun/jna/platform/win32/W32Errors
instanceKlass git4idea/log/GitRefManager$GitRefComparator
instanceKlass com/intellij/vcs/log/VcsLogStandardColors$Refs
instanceKlass git4idea/log/GitRefManager$SimpleRefType
instanceKlass com/sun/jna/Structure$StructField
instanceKlass com/intellij/vcs/log/VcsRefType
instanceKlass git4idea/log/GitRefManager
instanceKlass com/sun/jna/Structure$LayoutInfo
instanceKlass git4idea/log/GitLogProvider$1
instanceKlass com/sun/jna/platform/win32/Guid
instanceKlass com/sun/jna/platform/win32/Ole32Util
instanceKlass git4idea/log/GitLogProvider$$Lambda$1287
instanceKlass git4idea/checkin/GitCommitAndPushExecutor
instanceKlass git4idea/checkin/GitCheckinEnvironment
instanceKlass com/sun/jna/platform/win32/Ole32
instanceKlass com/intellij/ui/Win7TaskBar
instanceKlass git4idea/status/GitChangesCollector
instanceKlass git4idea/status/GitChangeProvider
instanceKlass com/intellij/database/view/DatabaseColorManager$Local$1
instanceKlass com/intellij/database/view/DatabaseColorManager$SharedColors
instanceKlass com/intellij/docker/DockerFileDetector$$Lambda$1286
instanceKlass com/intellij/docker/DockerFileDetector$$Lambda$1285
instanceKlass com/intellij/database/view/DatabaseColorManager
instanceKlass java/util/concurrent/Phaser$QNode
instanceKlass com/intellij/util/indexing/FileBasedIndexImpl$$Lambda$1284
instanceKlass com/intellij/docker/DockerFileSearchUtil$$Lambda$1283
instanceKlass com/intellij/docker/DockerFileSearchUtil
instanceKlass com/intellij/docker/DockerFileDetector$$Lambda$1282
instanceKlass com/intellij/docker/view/DockerToolWindowManager$$Lambda$1281
instanceKlass com/jetbrains/rider/inspections/RiderInspectionsHost$1$1
instanceKlass com/intellij/remoteServer/impl/runtime/ui/ServersToolWindowManager$1
instanceKlass com/intellij/remoteServer/configuration/RemoteServerListener
instanceKlass com/intellij/remoteServer/impl/runtime/ui/ServersToolWindowManager$$Lambda$1280
instanceKlass com/intellij/ide/startup/impl/StartupManagerImpl$1$$Lambda$1279
instanceKlass org/jetbrains/plugins/sass/extensions/SassExtensionsStartupActivity$1
instanceKlass org/jetbrains/plugins/sass/extensions/compass/CompassSettings
instanceKlass org/jetbrains/plugins/sass/extensions/compass/CompassImportPathRegistrationWatcher
instanceKlass org/jetbrains/plugins/sass/extensions/compass/CompassImportPathRegistrationWatcher$ImportPathsListener
instanceKlass git4idea/GitPlatformFacadeImpl
instanceKlass git4idea/GitPlatformFacade
instanceKlass com/intellij/vcs/log/VcsRef
instanceKlass com/intellij/vcs/log/VcsCommitMetadata
instanceKlass com/intellij/vcs/log/VcsShortCommitDetails
instanceKlass com/intellij/vcs/log/TimedVcsCommit
instanceKlass com/intellij/vcs/log/graph/GraphCommit
instanceKlass com/intellij/vcs/log/impl/VcsLogObjectsFactoryImpl
instanceKlass git4idea/repo/GitRepositoryManager$$Lambda$1278
instanceKlass git4idea/GitUserRegistry
instanceKlass org/jetbrains/plugins/sass/extensions/SassExtension
instanceKlass com/intellij/lang/typescript/settings/exclude/TypeScriptGeneratedFilesStartupActivity$1
instanceKlass com/intellij/lang/javascript/linter/JSLinterConfigChangeTracker$$Lambda$1277
instanceKlass com/intellij/lang/javascript/linter/PackageJsonForLintersConfigChangeTracker$MyPackageJsonChangeTracker$$Lambda$1276
instanceKlass com/intellij/lang/javascript/linter/JSLinterConfigChangeTracker
instanceKlass com/intellij/util/indexing/containers/SortedIdSet$1
instanceKlass com/intellij/util/indexing/containers/SortedIdSet
instanceKlass com/intellij/vcs/log/VcsLogObjectsFactory
instanceKlass com/intellij/util/indexing/impl/ValueContainerImpl$1
instanceKlass com/intellij/util/indexing/impl/MapInputDataDiffBuilder$1
instanceKlass com/intellij/lang/javascript/linter/JSLinterLanguageServicePackageTracker$$Lambda$1275
instanceKlass com/intellij/lang/javascript/linter/JSLinterLanguageServicePackageTracker$$Lambda$1274
instanceKlass com/intellij/vcs/log/graph/GraphColorManager
instanceKlass com/intellij/util/indexing/containers/RandomAccessIntContainer
instanceKlass com/intellij/util/indexing/containers/ChangeBufferingList
instanceKlass com/intellij/vcs/log/VcsLogProvider$LogData
instanceKlass com/intellij/openapi/util/ThrowableNotNullFunction
instanceKlass com/intellij/vcs/log/VcsLogDiffHandler
instanceKlass com/intellij/vcs/log/VcsLogProvider$DetailedLogData
instanceKlass com/intellij/util/indexing/FileBasedIndexImpl$$Lambda$1273
instanceKlass com/intellij/util/indexing/FileBasedIndexImpl$$Lambda$1272
instanceKlass java/lang/invoke/LambdaForm$DMH
instanceKlass com/intellij/lang/javascript/linter/JSLinterDescriptor
instanceKlass com/intellij/util/indexing/FileBasedIndexImpl$ProjectIndexableFilesFilter$$Lambda$1271
instanceKlass java/lang/invoke/LambdaForm$DMH
instanceKlass com/intellij/lang/javascript/service/ide/JSLanguageServiceStartupActivity$1
instanceKlass com/intellij/util/indexing/FileBasedIndexImpl$ProjectIndexableFilesFilter$$Lambda$1270
instanceKlass git4idea/GitReference
instanceKlass com/intellij/lang/typescript/compiler/TypeScriptCompileStartupActivity$1
instanceKlass com/intellij/lang/javascript/inspections/UnusedDeclarationsReferencesCacheCleaner$3
instanceKlass com/intellij/ide/util/DelegatingProgressIndicator
instanceKlass com/intellij/vcs/log/VcsLogRefManager
instanceKlass com/intellij/util/indexing/FileBasedIndexImpl$$Lambda$1269
instanceKlass com/intellij/lang/javascript/inspections/JSUnusedGlobalDeclarationsWorker$$Lambda$1268
instanceKlass com/intellij/psi/search/FileNameIndexServiceImpl$$Lambda$1267
instanceKlass com/intellij/lang/javascript/inspections/JSUnusedGlobalDeclarationsWorker$$Lambda$1266
instanceKlass com/intellij/lang/javascript/inspections/JSUnusedGlobalDeclarationsWorker$$Lambda$1265
instanceKlass com/intellij/psi/search/FileNameIndexServiceImpl
instanceKlass git4idea/log/GitLogProvider
instanceKlass com/intellij/psi/search/FileNameIndexService
instanceKlass com/intellij/lang/javascript/inspections/JSUnusedGlobalDeclarationsWorker
instanceKlass com/intellij/lang/javascript/inspections/JSUnusedGlobalDeclarationsCache
instanceKlass com/intellij/vcs/log/VcsLogProvider
instanceKlass com/intellij/psi/search/SearchScopeEnlarger
instanceKlass com/intellij/lang/javascript/inspections/UnusedDeclarationsReferencesCacheCleaner
instanceKlass com/intellij/vcs/log/impl/VcsLogManager$VcsLogUiFactory
instanceKlass com/intellij/javascript/nodejs/library/NodeModulesDirectoryManager$$Lambda$1264
instanceKlass com/intellij/vcs/log/ui/VcsLogColorManager
instanceKlass com/intellij/vcs/log/VcsLogRefresher
instanceKlass com/intellij/javascript/nodejs/library/NodeModulesDirectoryManager$$Lambda$1263
instanceKlass com/intellij/vcs/log/impl/FatalErrorHandler
instanceKlass com/jetbrains/plugins/webDeployment/ProjectDeploymentRevisionTracker$ProjectDeploymentRevisionTrackerStartupActivity$1
instanceKlass com/intellij/vcs/log/impl/VcsLogManager
instanceKlass com/jetbrains/rider/plugins/unity/ui/UnityUIMinimizer$runActivity$1$1
instanceKlass com/jcraft/jsch/JSch$1
instanceKlass com/intellij/vcs/log/impl/VcsProjectLog$InitLogStartupActivity$$Lambda$1262
instanceKlass com/intellij/vcs/log/impl/VcsProjectLog$LazyVcsLogManager
instanceKlass com/intellij/vcs/log/impl/VcsLogTabsProperties$State
instanceKlass com/intellij/ide/plugins/RepositoryHelper$$Lambda$1261
instanceKlass com/intellij/vcs/log/impl/VcsLogApplicationSettings$State
instanceKlass com/intellij/ide/plugins/RepositoryHelper$$Lambda$1260
instanceKlass com/intellij/util/io/HttpRequests$ConnectionTuner
instanceKlass com/intellij/vcs/log/impl/VcsLogApplicationSettings
instanceKlass com/jcraft/jsch/IdentityRepository
instanceKlass com/intellij/vcs/log/impl/MainVcsLogUiProperties
instanceKlass com/intellij/vcs/log/impl/VcsLogUiProperties
instanceKlass com/jcraft/jsch/Identity
instanceKlass com/jcraft/jsch/HostKeyRepository
instanceKlass com/jcraft/jsch/JSch
instanceKlass com/intellij/vcs/log/impl/VcsLogTabsProperties
instanceKlass com/intellij/vcs/log/impl/VcsProjectLog$ProjectLogListener
instanceKlass com/intellij/vcs/log/impl/VcsProjectLog
instanceKlass com/intellij/ssh/InitJSchLoggerStartupActivity$JSchLogger
instanceKlass com/jcraft/jsch/Logger
instanceKlass com/intellij/vcs/log/impl/VcsProjectLog$InitLogStartupActivity$$Lambda$1259
instanceKlass com/intellij/codeInsight/highlighting/BraceHighlighter$4
instanceKlass com/intellij/codeInsight/highlighting/BraceHighlighter$3
instanceKlass com/intellij/codeInsight/highlighting/BraceHighlighter$2
instanceKlass com/intellij/codeInsight/highlighting/BraceHighlighter$1
instanceKlass com/intellij/tasks/context/BranchContextTracker
instanceKlass com/intellij/openapi/vcs/BranchChangeListener
instanceKlass com/intellij/profile/codeInspection/ProjectInspectionProfileManager$ProjectInspectionProfileStartUpActivity$runActivity$1$3
instanceKlass com/intellij/profile/codeInspection/ProjectInspectionProfileManager$ProjectInspectionProfileStartUpActivity$runActivity$1$2
instanceKlass com/intellij/psi/PsiBundle
instanceKlass com/intellij/psi/search/ProjectScopeBuilder
instanceKlass com/intellij/psi/search/ProjectScope$$Lambda$1258
instanceKlass com/intellij/psi/search/ProjectScope$$Lambda$1257
instanceKlass com/intellij/psi/search/ProjectScope$$Lambda$1256
instanceKlass com/intellij/psi/search/ProjectScope$$Lambda$1255
instanceKlass com/intellij/psi/search/ProjectScope$$Lambda$1254
instanceKlass com/intellij/psi/search/ProjectScope
instanceKlass com/intellij/codeInsight/daemon/impl/analysis/HighlightingLevelManager
instanceKlass com/intellij/openapi/wm/impl/status/TogglePopupHintsPanel$$Lambda$1253
instanceKlass com/intellij/openapi/wm/impl/status/IdeStatusBarImpl$$Lambda$1252
instanceKlass com/intellij/openapi/wm/impl/status/TogglePopupHintsPanel$$Lambda$1251
instanceKlass com/intellij/openapi/wm/impl/status/TogglePopupHintsPanel$$Lambda$1250
instanceKlass com/intellij/codeInsight/daemon/impl/DaemonListeners$MyProfileChangeListener$$Lambda$1249
instanceKlass com/intellij/codeInspection/ex/InspectionProfileImpl$1
instanceKlass com/intellij/psi/search/scope/packageSet/PackageSetBase
instanceKlass com/intellij/psi/search/scope/packageSet/CustomScopesProviderEx$AllScopeHolder
instanceKlass com/intellij/psi/search/scope/packageSet/CustomScopesProviderEx
instanceKlass com/intellij/psi/search/scope/packageSet/CustomScopesProvider
instanceKlass com/intellij/codeInspection/ex/InspectionProfileImpl$$Lambda$1248
instanceKlass gnu/trove/TObjectFloatProcedure
instanceKlass com/intellij/codeInspection/ex/ScopeToolState
instanceKlass com/intellij/codeInspection/ex/ToolsImpl
instanceKlass com/intellij/util/xmlb/SmartSerializer
instanceKlass com/intellij/codeInspection/ex/InspectionProfileKt
instanceKlass com/intellij/codeInspection/ex/Tools
instanceKlass com/intellij/codeInspection/ex/InspectionElementsMerger
instanceKlass com/intellij/ide/plugins/RepositoryHelper
instanceKlass com/intellij/openapi/updateSettings/impl/pluginsAdvertisement/UnknownFeaturesCollector
instanceKlass com/intellij/profile/codeInspection/ProjectInspectionProfileManager$ProjectInspectionProfileStartUpActivity$runActivity$$inlined$apply$lambda$1
instanceKlass com/intellij/openapi/updateSettings/impl/pluginsAdvertisement/PluginsAdvertiser$4
instanceKlass com/intellij/openapi/wm/impl/LibraryDependentToolWindowManager$$Lambda$1247
instanceKlass com/intellij/openapi/wm/impl/LibraryDependentToolWindowManager$$Lambda$1246
instanceKlass com/intellij/openapi/wm/impl/LibraryDependentToolWindowManager$1
instanceKlass com/intellij/openapi/fileEditor/impl/text/AsyncHighlighterUpdater$$Lambda$1245
instanceKlass com/intellij/openapi/fileEditor/impl/FileEditorManagerImpl$2$$Lambda$1244
instanceKlass sun/awt/shell/Win32ShellFolder2$11
instanceKlass sun/awt/shell/Win32ShellFolder2$ColumnComparator$1
instanceKlass sun/awt/shell/Win32ShellFolder2$18
instanceKlass com/intellij/util/indexing/VfsAwareMapIndexStorage$IntPairInArrayKeyDescriptor
instanceKlass com/intellij/util/indexing/VfsAwareMapIndexStorage$$Lambda$1243
instanceKlass com/intellij/openapi/project/DumbServiceImpl$$Lambda$1242
instanceKlass com/intellij/openapi/project/DumbServiceImpl$AppIconProgress$$Lambda$1241
instanceKlass com/intellij/openapi/project/DumbServiceImpl$$Lambda$1240
instanceKlass com/intellij/openapi/project/DumbServiceImpl$$Lambda$1239
instanceKlass org/jetbrains/concurrency/Promises$all$rejected$2
instanceKlass org/jetbrains/concurrency/CountDownConsumer
instanceKlass com/intellij/ide/util/treeView/AbstractTreeUi$49$$Lambda$1238
instanceKlass com/intellij/ide/util/treeView/AbstractTreeUi$$Lambda$1237
instanceKlass java/lang/invoke/LambdaForm$MH
instanceKlass java/lang/invoke/LambdaForm$DMH
instanceKlass java/lang/invoke/LambdaForm$DMH
instanceKlass com/intellij/ide/util/treeView/AbstractTreeUi$$Lambda$1236
instanceKlass java/lang/invoke/LambdaForm$DMH
instanceKlass org/jetbrains/concurrency/AsyncPromise$processed$2
instanceKlass org/jetbrains/concurrency/AsyncPromise$processed$1
instanceKlass com/jetbrains/rider/projectView/nodes/VirtualProjectModelNode
instanceKlass com/intellij/javascript/nodejs/library/NodeModulesDirectoryScanner$$Lambda$1235
instanceKlass com/intellij/javascript/nodejs/library/NodeModulesDirectoryScanner$$Lambda$1234
instanceKlass com/intellij/ide/projectView/impl/nodes/PsiTreeAnchorizer$$Lambda$1233
instanceKlass com/intellij/ide/projectView/impl/nodes/PsiTreeAnchorizer$$Lambda$1232
instanceKlass com/intellij/psi/impl/PsiToDocumentSynchronizer$1
instanceKlass com/intellij/sql/database/SqlDbManager$2$$Lambda$1231
instanceKlass com/intellij/sql/database/SqlDbManager$2$$Lambda$1230
instanceKlass com/intellij/openapi/vcs/changes/IgnoredFilesComponent$1$$Lambda$1229
instanceKlass com/intellij/openapi/vfs/newvfs/VfsImplUtil$InvalidationState
instanceKlass com/intellij/psi/impl/file/impl/PsiVFSListener$$Lambda$1228
instanceKlass com/intellij/util/containers/LockFreeCopyOnWriteArrayList$1
instanceKlass com/intellij/util/indexing/FileBasedIndexImpl$$Lambda$1227
instanceKlass java/util/stream/StreamSpliterators$WrappingSpliterator$$Lambda$1226
instanceKlass java/util/function/BooleanSupplier
instanceKlass java/util/stream/StreamSpliterators$WrappingSpliterator$$Lambda$1225
instanceKlass java/util/stream/AbstractSpinedBuffer
instanceKlass java/util/Spliterators$1Adapter
instanceKlass com/intellij/util/indexing/FileBasedIndexImpl$$Lambda$1224
instanceKlass com/intellij/util/indexing/FileBasedIndexImpl$$Lambda$1223
instanceKlass com/intellij/util/indexing/FileBasedIndexImpl$$Lambda$1222
instanceKlass com/intellij/util/indexing/VfsEventsMerger$$Lambda$1221
instanceKlass com/intellij/util/indexing/FileBasedIndexProjectHandler$5
instanceKlass com/intellij/openapi/roots/impl/PushedFilePropertiesUpdaterImpl$$Lambda$1220
instanceKlass com/intellij/openapi/roots/impl/PushedFilePropertiesUpdaterImpl$$Lambda$1219
instanceKlass com/intellij/util/indexing/FileBasedIndexImpl$ChangedFilesCollector$$Lambda$1218
instanceKlass com/intellij/util/indexing/FileBasedIndexImpl$ChangedFilesCollector$$Lambda$1217
instanceKlass com/intellij/util/indexing/IndexedFilesListener$$Lambda$1216
instanceKlass com/intellij/openapi/fileTypes/impl/FileTypeManagerImpl$$Lambda$1215
instanceKlass com/intellij/javascript/nodejs/library/NodeModulesDirectoryScanner$$Lambda$1214
instanceKlass com/intellij/javascript/nodejs/library/NodeModulesDirectoryScanner$$Lambda$1213
instanceKlass com/intellij/javascript/nodejs/library/NodeModulesDirectoryManager$PackageJsonListener$$Lambda$1212
instanceKlass com/jetbrains/rider/projectView/solutionExplorer/ISolutionExplorerNodeKey$Companion
instanceKlass com/intellij/util/io/fs/FilePath
instanceKlass com/intellij/openapi/vfs/newvfs/persistent/FSRecords$$Lambda$1211
instanceKlass com/intellij/openapi/vfs/newvfs/persistent/FSRecords$$Lambda$1210
instanceKlass java/lang/invoke/LambdaForm$DMH
instanceKlass com/intellij/openapi/vfs/newvfs/persistent/FSRecords$$Lambda$1209
instanceKlass com/intellij/openapi/vfs/newvfs/impl/VirtualDirectoryImpl$$Lambda$1208
instanceKlass com/intellij/openapi/vfs/newvfs/impl/VirtualDirectoryImpl$$Lambda$1207
instanceKlass java/lang/invoke/LambdaForm$MH
instanceKlass java/lang/invoke/LambdaForm$DMH
instanceKlass com/intellij/openapi/vfs/newvfs/persistent/FSRecords$$Lambda$1206
instanceKlass java/lang/invoke/LambdaForm$DMH
instanceKlass com/intellij/openapi/vfs/newvfs/persistent/FSRecords$$Lambda$1205
instanceKlass java/lang/invoke/LambdaForm$MH
instanceKlass java/lang/invoke/LambdaForm$DMH
instanceKlass java/lang/invoke/LambdaForm$DMH
instanceKlass com/intellij/openapi/vfs/newvfs/persistent/FSRecords$$Lambda$1204
instanceKlass java/lang/invoke/LambdaForm$DMH
instanceKlass com/intellij/openapi/vfs/newvfs/persistent/FSRecords$$Lambda$1203
instanceKlass com/intellij/openapi/vcs/impl/projectlevelman/NewMappings$$Lambda$1202
instanceKlass com/jetbrains/rider/projectView/indexing/structure/FilePathTreeOperationsKt
instanceKlass com/jetbrains/rider/ideaInterop/vfs/VfsDeltaCollector
instanceKlass com/jetbrains/jsonSchema/impl/JsonSchemaServiceImpl$MyState$$Lambda$1201
instanceKlass com/jetbrains/jsonSchema/impl/JsonSchemaServiceImpl$MyState$$Lambda$1200
instanceKlass com/intellij/lang/javascript/json/JsonInJavaScriptSchemaFactory$$Lambda$1199
instanceKlass com/intellij/lang/javascript/frameworks/webpack/WebpackInJavaScriptJsonSchemaProvider
instanceKlass com/intellij/lang/javascript/json/JsonSchemaInJavaScriptProvider
instanceKlass com/intellij/lang/javascript/EmbeddedJsonSchemaFileProvider
instanceKlass com/jetbrains/jsonSchema/extension/JsonSchemaProjectSelfProviderFactory$MyJsonSchemaFileProvider
instanceKlass com/jetbrains/jsonSchema/extension/JsonSchemaUserDefinedProviderFactory$$Lambda$1198
instanceKlass com/jetbrains/jsonSchema/extension/JsonSchemaUserDefinedProviderFactory$MyProvider
instanceKlass com/jetbrains/jsonSchema/extension/JsonSchemaImportedProviderMarker
instanceKlass java/util/TreeMap$TreeMapSpliterator
instanceKlass com/jetbrains/jsonSchema/JsonSchemaMappingsProjectConfiguration$MyState
instanceKlass com/jetbrains/jsonSchema/JsonSchemaMappingsProjectConfiguration
instanceKlass com/intellij/lang/javascript/linter/tslint/schema/TsLintJsonSchemaProviderFactory
instanceKlass com/jetbrains/nodejs/packageJson/PackageJsonSchemaProviderFactory
instanceKlass com/intellij/lang/typescript/tsconfig/TypeScriptJsonSchemaProviderFactory
instanceKlass com/intellij/lang/javascript/json/JsonInJavaScriptSchemaFactory
instanceKlass com/intellij/lang/javascript/JavaScriptJsonSchemaProviderFactory
instanceKlass com/jetbrains/jsonSchema/extension/JsonSchemaFileProvider
instanceKlass com/intellij/javascript/jest/JestSchemaProviderFactory
instanceKlass com/jetbrains/jsonSchema/extension/JsonSchemaProjectSelfProviderFactory
instanceKlass com/jetbrains/jsonSchema/extension/JsonSchemaUserDefinedProviderFactory
instanceKlass com/jetbrains/jsonSchema/extension/JsonSchemaProviderFactory
instanceKlass com/intellij/psi/impl/file/impl/PsiVFSListener$$Lambda$1197
instanceKlass com/intellij/psi/ExternalChangeAction
instanceKlass com/intellij/psi/IgnorePsiEventsMarker
instanceKlass sun/awt/shell/Win32ShellFolder2$5
instanceKlass sun/awt/shell/Win32ShellFolder2$9
instanceKlass sun/awt/shell/Win32ShellFolder2$ColumnComparator
instanceKlass sun/awt/shell/Win32ShellFolder2$16
instanceKlass sun/awt/shell/Win32ShellFolderManager2$1
instanceKlass sun/awt/shell/Win32ShellFolder2$4
instanceKlass sun/awt/shell/Win32ShellFolder2$2
instanceKlass sun/awt/shell/Win32ShellFolder2$12
instanceKlass com/intellij/openapi/fileTypes/impl/FileTypeManagerImpl$$Lambda$1196
instanceKlass com/intellij/openapi/fileTypes/impl/FileTypeManagerImpl$$Lambda$1195
instanceKlass com/intellij/history/integration/IdeaGateway$$Lambda$1194
instanceKlass com/intellij/openapi/vfs/impl/VirtualFilePointerManagerImpl$$Lambda$1193
instanceKlass com/intellij/openapi/vfs/newvfs/persistent/FSRecords$$Lambda$1192
instanceKlass com/intellij/openapi/vfs/newvfs/persistent/PersistentFSImpl$$Lambda$1191
instanceKlass com/intellij/openapi/vfs/newvfs/persistent/PersistentFSImpl$$Lambda$1190
instanceKlass sun/awt/shell/Win32ShellFolder2$8
instanceKlass sun/awt/shell/Win32ShellFolder2$10
instanceKlass sun/swing/FilePane$Handler
instanceKlass javax/swing/JList$ListSelectionHandler
instanceKlass javax/swing/plaf/basic/BasicFileChooserUI$Handler
instanceKlass sun/swing/FilePane$DirectoriesFirstComparatorWrapper
instanceKlass sun/swing/FilePane$DetailsTableRowSorter$1
instanceKlass sun/awt/shell/ShellFolderColumnInfo
instanceKlass sun/swing/FilePane$5
instanceKlass javax/swing/plaf/metal/MetalFileChooserUI$5
instanceKlass javax/swing/plaf/metal/MetalFileChooserUI$ButtonAreaLayout
instanceKlass com/intellij/openapi/progress/util/ProgressIndicatorUtils$4$1
instanceKlass com/intellij/ui/EditorNotificationsImpl$3$$Lambda$1189
instanceKlass com/intellij/lang/javascript/buildTools/npm/PackageJsonUtil
instanceKlass javax/swing/plaf/metal/MetalFileChooserUI$2
instanceKlass com/intellij/lang/javascript/psi/util/JSProjectUtil
instanceKlass sun/awt/shell/Win32ShellFolder2$6
instanceKlass com/intellij/psi/codeStyle/PredefinedCodeStyle
instanceKlass com/intellij/openapi/util/text/AddonlyIntSet
instanceKlass sun/awt/shell/Win32ShellFolder2$1
instanceKlass com/intellij/openapi/util/text/TrigramBuilder
instanceKlass sun/awt/shell/Win32ShellFolder2$FolderDisposer
instanceKlass com/intellij/ui/EditorNotificationsImpl$3$$Lambda$1188
instanceKlass com/intellij/lang/javascript/linter/tslint/editor/TsLintCodeStyleEditorNotificationProvider$mySourceTracker$1
instanceKlass com/intellij/lang/typescript/compiler/ui/TypeScriptCompilerEditorNotificationProvider$NotificationOverride
instanceKlass com/intellij/lang/javascript/linter/LinterCodeStyleImportSourceTracker$$Lambda$1187
instanceKlass com/intellij/lang/javascript/linter/LinterCodeStyleImportSourceTracker
instanceKlass com/intellij/lang/javascript/linter/eslint/importer/EslintImportCodeStyleEditorNotificationProvider$$Lambda$1186
instanceKlass git4idea/GitUtil$$Lambda$1185
instanceKlass git4idea/commands/GitHandler
instanceKlass com/intellij/ide/util/treeView/AbstractTreeBuilder$UserRunnable
instanceKlass com/intellij/ide/util/treeView/NodeDescriptorProvidingKey
instanceKlass com/intellij/ide/util/treeView/TreeState$1$$Lambda$1184
instanceKlass com/intellij/ui/AbstractExpandableItemsHandler$$Lambda$1183
instanceKlass javax/swing/tree/PathPlaceHolder
instanceKlass com/intellij/ide/util/treeView/AbstractTreeUi$74
instanceKlass com/intellij/ide/util/treeView/UpdaterTreeState$1$$Lambda$1182
instanceKlass com/jetbrains/rider/debugger/actions/RiderExternalSourceDebugAction$Companion
instanceKlass org/jetbrains/concurrency/AsyncPromise$WhenMappings
instanceKlass git4idea/GitUtil
instanceKlass com/intellij/openapi/vcs/roots/VcsRootDetectorImpl$$Lambda$1181
instanceKlass sun/awt/shell/Win32ShellFolderManager2$ComInvoker$$Lambda$1180
instanceKlass com/intellij/openapi/vcs/roots/VcsRootDetectorImpl
instanceKlass sun/awt/shell/Win32ShellFolderManager2$ComInvoker$3
instanceKlass sun/awt/shell/Win32ShellFolder2$7
instanceKlass com/intellij/openapi/vcs/roots/VcsRootDetector
instanceKlass com/intellij/openapi/vcs/roots/VcsRootErrorsFinder
instanceKlass com/intellij/openapi/progress/util/BackgroundTaskUtil$$Lambda$1179
instanceKlass com/intellij/openapi/progress/util/BackgroundTaskUtil$$Lambda$1178
instanceKlass com/intellij/openapi/progress/util/BackgroundTaskUtil$$Lambda$1177
instanceKlass sun/awt/shell/ShellFolder$4
instanceKlass sun/awt/shell/ShellFolder$3
instanceKlass sun/awt/shell/Win32ShellFolderManager2$ComInvoker$2
instanceKlass sun/awt/shell/Win32ShellFolderManager2$ComInvoker$1
instanceKlass com/intellij/openapi/vcs/roots/VcsRootScanner$$Lambda$1176
instanceKlass sun/awt/shell/ShellFolder$Invoker
instanceKlass com/jetbrains/rider/debugger/dialogs/RiderExternalSourceDebugNotifier$Companion
instanceKlass sun/awt/shell/ShellFolderManager
instanceKlass com/intellij/util/indexing/impl/MapIndexStorage$3$1
instanceKlass com/intellij/openapi/vfs/VirtualFileContentsChangedAdapter
instanceKlass com/jetbrains/jsonSchema/JsonSchemaVfsListener$MyUpdater$$Lambda$1175
instanceKlass com/jetbrains/jsonSchema/JsonSchemaVfsListener$MyUpdater
instanceKlass com/jetbrains/jsonSchema/impl/JsonSchemaServiceImpl$$Lambda$1174
instanceKlass com/jetbrains/jsonSchema/impl/JsonSchemaServiceImpl$$Lambda$1173
instanceKlass com/jetbrains/jsonSchema/impl/JsonSchemaServiceImpl$$Lambda$1172
instanceKlass java/lang/invoke/LambdaForm$DMH
instanceKlass com/intellij/util/io/PersistentHashMapValueStorage$ReadResult
instanceKlass com/jetbrains/jsonSchema/impl/JsonSchemaServiceImpl$$Lambda$1171
instanceKlass com/jetbrains/jsonSchema/impl/JsonSchemaServiceImpl$MyState
instanceKlass javax/swing/ActionPropertyChangeListener
instanceKlass javax/swing/plaf/metal/MetalFileChooserUI$IndentIcon
instanceKlass com/jetbrains/jsonSchema/impl/JsonSchemaServiceImpl
instanceKlass com/jetbrains/jsonSchema/ide/JsonSchemaService
instanceKlass com/intellij/ide/navigationToolbar/NavBarUpdateQueue$$Lambda$1170
instanceKlass com/intellij/openapi/vfs/encoding/EncodingManagerImpl$$Lambda$1169
instanceKlass com/intellij/openapi/vfs/encoding/EncodingUtil
instanceKlass java/util/concurrent/ConcurrentLinkedQueue$Itr
instanceKlass com/intellij/openapi/vcs/changes/committed/IncomingChangesIndicator$1$$Lambda$1168
instanceKlass com/intellij/ide/FileChangedNotificationProvider$2
instanceKlass com/intellij/ide/FrameStateManagerImpl$3
instanceKlass com/intellij/openapi/progress/util/ReadTask$$Lambda$1167
instanceKlass com/intellij/openapi/progress/impl/CoreProgressManager$$Lambda$1166
instanceKlass com/intellij/openapi/progress/util/ProgressIndicatorUtils$$Lambda$1165
instanceKlass javax/swing/plaf/metal/MetalFileChooserUI$MetalFileChooserUIAccessor
instanceKlass sun/swing/FilePane$FileChooserUIAccessor
instanceKlass com/intellij/openapi/progress/util/ReadTask$Continuation
instanceKlass sun/swing/FilePane$3
instanceKlass com/intellij/openapi/progress/util/ProgressIndicatorUtils$4
instanceKlass com/intellij/openapi/progress/util/ProgressIndicatorUtils$$Lambda$1164
instanceKlass com/intellij/openapi/vcs/changes/shelf/ShelveChangesManager$$Lambda$1163
instanceKlass javax/swing/plaf/metal/MetalIconFactory$FileChooserListViewIcon
instanceKlass javax/swing/plaf/metal/MetalIconFactory$FileChooserDetailViewIcon
instanceKlass javax/swing/plaf/metal/MetalIconFactory$TreeFloppyDriveIcon
instanceKlass javax/swing/plaf/metal/MetalIconFactory$TreeHardDriveIcon
instanceKlass javax/swing/plaf/metal/MetalIconFactory$TreeComputerIcon
instanceKlass javax/swing/filechooser/FileView
instanceKlass javax/swing/filechooser/FileFilter
instanceKlass javax/swing/filechooser/FileSystemView$1
instanceKlass javax/swing/filechooser/FileSystemView
instanceKlass javax/swing/JFileChooser$1
instanceKlass javax/swing/JFileChooser$WeakPCL
instanceKlass com/intellij/ide/NativeIconProvider$SwingComponentHolder
instanceKlass com/intellij/ui/DeferredIconImpl$$Lambda$1162
instanceKlass com/intellij/openapi/vcs/impl/VcsDescriptor$$Lambda$1161
instanceKlass com/intellij/openapi/vcs/impl/VcsDescriptor$$Lambda$1160
instanceKlass com/intellij/platform/ProjectBaseDirectory
instanceKlass com/intellij/openapi/fileEditor/impl/NonProjectFileWritingAccessProvider$OurVirtualFileListener
instanceKlass org/intellij/lang/xpath/xslt/impl/XsltIconProvider
instanceKlass com/intellij/ide/FileIconPatcher
instanceKlass com/intellij/util/IconUtil$FileIconPatcherHolder
instanceKlass com/intellij/uml/DiagramFileIconProvider
instanceKlass com/intellij/ide/FileIconPatcherImpl
instanceKlass com/intellij/util/IconUtil$FileIconProviderHolder
instanceKlass com/intellij/util/indexing/impl/ValueContainerImpl$6
instanceKlass com/intellij/util/indexing/impl/ValueContainerImpl$5
instanceKlass com/intellij/ui/DeferredIconImpl$RepaintRequest
instanceKlass com/intellij/ui/DeferredIconImpl$RepaintScheduler$$Lambda$1159
instanceKlass com/intellij/util/indexing/containers/IntIdsIterator
instanceKlass com/intellij/util/indexing/impl/InvertedIndexValueIterator
instanceKlass com/intellij/util/indexing/ValueContainer$ValueIterator
instanceKlass com/intellij/util/indexing/ValueContainer$IntPredicate
instanceKlass com/intellij/util/indexing/ValueContainer$IntIterator
instanceKlass com/intellij/util/indexing/impl/MapReduceIndex$2
instanceKlass com/intellij/util/indexing/VfsAwareMapReduceIndex$$Lambda$1158
instanceKlass com/intellij/util/indexing/VfsAwareMapReduceIndex$$Lambda$1157
instanceKlass java/lang/invoke/LambdaForm$DMH
instanceKlass com/intellij/ide/NativeIconProvider$$Lambda$1156
instanceKlass com/intellij/util/indexing/SnapshotInputMappings$Snapshot
instanceKlass com/intellij/psi/PlainTextTokenTypes
instanceKlass com/intellij/psi/PsiPlainTextFile
instanceKlass com/jetbrains/rider/projectView/solutionExplorer/SolutionExplorerExtensionsKt
instanceKlass com/intellij/psi/impl/cache/impl/id/IdIndexEntry
instanceKlass com/intellij/util/indexing/IdDataConsumer$$Lambda$1155
instanceKlass java/lang/invoke/LambdaForm$DMH
instanceKlass com/intellij/ide/projectView/ProjectViewNode$$Lambda$1154
instanceKlass com/intellij/lang/cacheBuilder/WordOccurrence
instanceKlass com/intellij/psi/impl/cache/impl/id/IdTableBuilding$WordsScannerFileTypeIdIndexerAdapter$1
instanceKlass com/intellij/openapi/util/KeyedExtensionCollector$$Lambda$1153
instanceKlass com/intellij/ide/presentation/Presentation
instanceKlass com/intellij/util/indexing/IdDataConsumer
instanceKlass com/intellij/ide/TypePresentationServiceImpl$$Lambda$1152
instanceKlass com/intellij/ide/TypePresentationServiceImpl$PresentationTemplate
instanceKlass com/intellij/ide/TypePresentationService
instanceKlass com/intellij/ide/presentation/VirtualFilePresentation
instanceKlass com/intellij/psi/PsiElement$$Lambda$1151
instanceKlass sun/nio/cs/ISO_8859_1$1
instanceKlass com/intellij/ide/util/treeView/AbstractTreeUi$29$2$1
instanceKlass com/intellij/ide/util/treeView/PresentableNodeDescriptor$ColoredFragment
instanceKlass kotlin/text/StringsKt__IndentKt
instanceKlass com/intellij/openapi/util/ActionCallback$Chunk
instanceKlass java/lang/invoke/LambdaForm$MH
instanceKlass java/lang/invoke/LambdaForm$DMH
instanceKlass java/lang/invoke/LambdaForm$DMH
instanceKlass com/intellij/ide/util/treeView/AbstractTreeUi$29$$Lambda$1150
instanceKlass java/lang/invoke/LambdaForm$DMH
instanceKlass com/intellij/ide/util/treeView/AbstractTreeUi$$Lambda$1149
instanceKlass com/intellij/openapi/wm/impl/status/InfoAndProgressPanel$MyInlineProgressIndicator$$Lambda$1148
instanceKlass com/intellij/openapi/vcs/changes/committed/OutdatedVersionNotifier$$Lambda$1147
instanceKlass com/intellij/util/MessageBusUtil$$Lambda$1146
instanceKlass com/intellij/util/MessageBusUtil
instanceKlass com/intellij/openapi/vcs/changes/committed/CommittedChangesCache$$Lambda$1145
instanceKlass com/intellij/openapi/wm/impl/status/IdeStatusBarImpl$$Lambda$1144
instanceKlass com/intellij/lang/javascript/editor/JSBreadcrumbsProvider
instanceKlass com/intellij/xml/breadcrumbs/BreadcrumbsInfoProvider
instanceKlass com/intellij/ui/breadcrumbs/BreadcrumbsProvider
instanceKlass com/intellij/ui/breadcrumbs/BreadcrumbsUtil
instanceKlass com/intellij/openapi/vcs/changes/committed/CommittedChangesCache$$Lambda$1143
instanceKlass com/intellij/openapi/vcs/changes/committed/OutdatedVersionNotifier$$Lambda$1142
instanceKlass com/intellij/ide/navigationToolbar/NavBarListener$$Lambda$1141
instanceKlass com/intellij/openapi/progress/util/AbstractProgressIndicatorExBase$$Lambda$1140
instanceKlass com/intellij/openapi/wm/impl/commands/RequestFocusInToolWindowCmd$1$$Lambda$1139
instanceKlass com/intellij/ide/util/treeView/AbstractTreeUi$30$1
instanceKlass com/intellij/ide/util/treeView/AbstractTreeStructureBase$$Lambda$1138
instanceKlass com/intellij/ide/util/treeView/AbstractTreeStructureBase$$Lambda$1137
instanceKlass com/intellij/pom/StatePreservingNavigatable
instanceKlass com/intellij/ide/util/treeView/ValidateableNode
instanceKlass org/intellij/lang/xpath/xslt/impl/XsltTreeStructureProvider
instanceKlass com/intellij/platform/PlatformProjectViewStructureProvider
instanceKlass com/intellij/ide/projectView/TreeStructureProvider
instanceKlass com/intellij/ide/util/treeView/AbstractTreeStructureBase$$Lambda$1136
instanceKlass com/jetbrains/rider/plugins/unity/explorer/UnityExplorerNode$ReferenceRoot$Companion
instanceKlass com/jetbrains/rider/projectView/fileSystem/FileSystemNodeIdentity
instanceKlass com/intellij/ide/util/treeView/AbstractTreeUi$LoadedChildren
instanceKlass com/intellij/ide/util/treeView/UpdaterTreeState
instanceKlass com/intellij/ui/treeStructure/AlwaysExpandedTree
instanceKlass com/intellij/ide/util/treeView/AbstractTreeUi$$Lambda$1135
instanceKlass com/jetbrains/rider/projectView/solutionExplorer/ISolutionExplorerNodeKey
instanceKlass com/intellij/ide/PsiCopyPasteManager$1
instanceKlass com/intellij/ide/PsiCopyPasteManager$MyData
instanceKlass com/intellij/ide/PsiCopyPasteManager
instanceKlass com/jetbrains/plugins/webDeployment/ui/remotebrowser/CutRemoteElementMarker
instanceKlass com/jetbrains/rider/projectView/moveProviders/RiderCutElementMarker
instanceKlass com/intellij/ide/PsiCutElementMarker
instanceKlass com/intellij/openapi/ide/CutElementMarker
instanceKlass com/intellij/ide/util/treeView/AbstractTreeUi$$Lambda$1134
instanceKlass com/intellij/ide/util/treeView/AbstractTreeUi$14
instanceKlass com/intellij/util/ui/AsyncProcessIcon$$Lambda$1133
instanceKlass com/intellij/openapi/wm/impl/IdeGlassPaneImpl$$Lambda$1132
instanceKlass com/intellij/ui/AppIcon$BaseIcon$1
instanceKlass com/intellij/openapi/wm/AppIconScheme$Progress$3
instanceKlass com/intellij/openapi/wm/AppIconScheme$Progress$2
instanceKlass com/intellij/openapi/wm/AppIconScheme$Progress$1
instanceKlass com/intellij/openapi/wm/AppIconScheme$Progress
instanceKlass com/intellij/ui/AppIcon
instanceKlass com/intellij/util/indexing/IndexingDataKeys
instanceKlass com/intellij/lang/LighterAST
instanceKlass com/intellij/util/indexing/FileBasedIndexImpl$$Lambda$1131
instanceKlass com/intellij/openapi/progress/util/AbstractProgressIndicatorExBase$$Lambda$1130
instanceKlass java/lang/invoke/LambdaForm$MH
instanceKlass java/lang/invoke/LambdaForm$DMH
instanceKlass java/lang/invoke/LambdaForm$DMH
instanceKlass com/intellij/openapi/project/DumbServiceImpl$AppIconProgress$$Lambda$1129
instanceKlass java/lang/invoke/LambdaForm$DMH
instanceKlass com/jetbrains/rider/intentions/RiderGutterMarkPreprocessor
instanceKlass com/intellij/openapi/editor/GutterMarkPreprocessor
instanceKlass com/intellij/openapi/project/CacheUpdateRunner$MyRunnable$$Lambda$1128
instanceKlass com/intellij/openapi/project/CacheUpdateRunner$MyRunnable$$Lambda$1127
instanceKlass com/intellij/codeInsight/folding/impl/FoldingUtil
instanceKlass com/jetbrains/rider/daemon/highlighters/foldings/RiderEditorFoldingModelAdapter$afterBulkAdd$1
instanceKlass com/intellij/util/WalkingState
instanceKlass com/intellij/openapi/editor/impl/IntervalTreeImpl$$Lambda$1126
instanceKlass com/intellij/openapi/project/CacheUpdateRunner$MyRunnable
instanceKlass java/lang/invoke/LambdaForm$DMH
instanceKlass com/jetbrains/rider/util/idea/UserDataHolderExKt$userData$2
instanceKlass com/jetbrains/rider/daemon/highlighters/foldings/FoldingInfoKt
instanceKlass com/jetbrains/rider/daemon/highlighters/foldings/RiderEditorFoldingModelAdapter$Companion
instanceKlass com/intellij/openapi/vfs/newvfs/persistent/RefreshWorker$$Lambda$1125
instanceKlass com/jetbrains/rider/daemon/highlighters/foldings/RiderEditorFoldingModelAdapter
instanceKlass com/jetbrains/rider/daemon/RiderMarkupAdapterListener
instanceKlass com/jetbrains/rider/daemon/highlighters/foldings/RiderCodeFoldingManager$addAggregator$1$1$1
instanceKlass com/intellij/openapi/vfs/newvfs/persistent/RefreshWorker$$Lambda$1124
instanceKlass com/intellij/ide/startup/impl/StartupManagerImpl$2
instanceKlass com/intellij/concurrency/ConcurrentHashMap$Traverser
instanceKlass com/intellij/openapi/vcs/roots/VcsRootScanner$$Lambda$1123
instanceKlass com/intellij/openapi/vcs/roots/VcsRootProblemNotifier$$Lambda$1122
instanceKlass com/intellij/openapi/vcs/VcsRootError
instanceKlass com/intellij/openapi/vcs/roots/VcsRootProblemNotifier
instanceKlass com/intellij/openapi/vcs/roots/VcsRootScanner
instanceKlass com/intellij/openapi/vcs/VcsRootChecker
instanceKlass com/intellij/vcs/ProgressManagerQueue$$Lambda$1121
instanceKlass com/intellij/openapi/vcs/changes/committed/CommittedChangesCache$$Lambda$1120
instanceKlass com/intellij/openapi/vcs/changes/VcsDirtyScopeVfsListener$$Lambda$1119
instanceKlass com/intellij/openapi/vcs/changes/VcsDirtyScopeVfsListener
instanceKlass com/intellij/openapi/fileEditor/impl/FileEditorManagerImpl$$Lambda$1118
instanceKlass com/intellij/openapi/command/impl/DocumentReferenceByVirtualFile
instanceKlass com/intellij/openapi/command/impl/EditorAndState
instanceKlass com/intellij/openapi/fileEditor/impl/FileEditorManagerImpl$$Lambda$1117
instanceKlass com/intellij/openapi/editor/impl/IntervalTreeImpl$1
instanceKlass com/intellij/ui/MouseDragHelper$2
instanceKlass com/intellij/ui/MouseDragHelper$3
instanceKlass com/intellij/ui/MouseDragHelper$1
instanceKlass com/intellij/util/ui/UIUtil$10
instanceKlass com/intellij/ui/tabs/impl/JBTabsImpl$5$2
instanceKlass com/intellij/openapi/wm/impl/IdeGlassPaneImpl$1
instanceKlass com/intellij/openapi/wm/IdeGlassPaneUtil
instanceKlass com/intellij/ui/tabs/impl/JBTabsImpl$5$1
instanceKlass com/intellij/openapi/vcs/changes/ChangeListWorker$$Lambda$1116
instanceKlass com/intellij/configurationStore/StorageUtilKt
instanceKlass com/intellij/ide/startup/impl/StartupManagerImpl$1
instanceKlass com/intellij/platform/PlatformVcsDetector$$Lambda$1115
instanceKlass com/intellij/platform/PlatformVcsDetector$$Lambda$1114
instanceKlass com/intellij/openapi/util/RequestsMerger$MyTransitionAction
instanceKlass com/intellij/openapi/fileEditor/impl/FileEditorManagerImpl$$Lambda$1113
instanceKlass com/intellij/openapi/vcs/impl/FileStatusManagerImpl$$Lambda$1112
instanceKlass com/intellij/xdebugger/breakpoints/ui/XBreakpointGroupingRule
instanceKlass com/intellij/xdebugger/frame/XExecutionStack$XStackFrameContainer
instanceKlass com/intellij/xdebugger/frame/XValueCallback
instanceKlass com/intellij/xdebugger/Obsolescent
instanceKlass com/intellij/xdebugger/frame/XValueContainer
instanceKlass com/intellij/dvcs/repo/VcsRepositoryManager$$Lambda$1111
instanceKlass com/intellij/openapi/vcs/changes/committed/IncomingChangesIndicator$2$$Lambda$1110
instanceKlass com/intellij/openapi/vcs/changes/ui/ChangesViewContentManager$MyVcsListener$$Lambda$1109
instanceKlass com/intellij/xdebugger/XDebuggerUtil
instanceKlass com/intellij/openapi/progress/util/BackgroundTaskUtil$$Lambda$1108
instanceKlass com/intellij/openapi/editor/markup/MarkupEditorFilterFactory$$Lambda$1107
instanceKlass com/intellij/openapi/editor/markup/MarkupEditorFilterFactory
instanceKlass com/intellij/openapi/editor/impl/EditorImpl$$Lambda$1106
instanceKlass com/intellij/openapi/progress/util/BackgroundTaskUtil
instanceKlass com/intellij/openapi/editor/impl/EditorImpl$$Lambda$1105
instanceKlass com/intellij/openapi/vcs/impl/projectlevelman/NewMappings$MyVcsActivator
instanceKlass com/intellij/openapi/editor/impl/RangeHighlighterImpl$1
instanceKlass com/intellij/openapi/editor/markup/MarkupEditorFilter$$Lambda$1104
instanceKlass com/intellij/openapi/vcs/impl/VcsInitialization$$Lambda$1103
instanceKlass com/intellij/xdebugger/impl/breakpoints/XLineBreakpointManager$$Lambda$1102
instanceKlass com/intellij/codeInsight/navigation/CtrlMouseHandler$6$1
instanceKlass com/intellij/openapi/fileEditor/impl/text/PsiAwareTextEditorProvider$$Lambda$1101
instanceKlass com/intellij/openapi/fileEditor/impl/HistoryEntry$EntryData
instanceKlass com/intellij/codeInsight/folding/impl/DocumentFoldingInfo$FoldingInfo
instanceKlass com/intellij/codeInsight/folding/impl/DocumentFoldingInfo$$Lambda$1100
instanceKlass com/intellij/openapi/fileEditor/impl/FileEditorManagerImpl$MyFileStatusListener$$Lambda$1099
instanceKlass com/intellij/ide/startup/impl/StartupManagerImpl$$Lambda$1098
instanceKlass com/jetbrains/rider/razor/RazorFileIconProvider$Companion
instanceKlass com/jetbrains/rider/projectView/nodes/ProjectModelNodeVisitor
instanceKlass com/jetbrains/rider/plugins/RiderProjectModelWebFilesCollector$Companion
instanceKlass com/jetbrains/rider/plugins/RiderProjectModelWebFilesCollector
instanceKlass com/jetbrains/rider/ideaInterop/fileTypes/cpp/CppFileIconProvider$Companion
instanceKlass com/intellij/tasks/timeTracking/TimeTrackingManager$$Lambda$1097
instanceKlass com/intellij/openapi/progress/util/ProgressIndicatorUtils$$Lambda$1096
instanceKlass com/intellij/ide/IconProvider
instanceKlass com/intellij/util/PsiIconUtil$IconProviderHolder
instanceKlass com/intellij/util/PsiIconUtil
instanceKlass com/intellij/ui/RowIcon$1
instanceKlass java/lang/invoke/LambdaForm$MH
instanceKlass java/lang/invoke/LambdaForm$DMH
instanceKlass java/lang/invoke/LambdaForm$DMH
instanceKlass com/intellij/ide/navigationToolbar/ui/AbstractNavBarUI$$Lambda$1095
instanceKlass java/lang/invoke/LambdaForm$DMH
instanceKlass com/intellij/ide/navigationToolbar/ui/AbstractNavBarUI$$Lambda$1094
instanceKlass com/intellij/ide/navigationToolbar/NavBarUpdateQueue$$Lambda$1093
instanceKlass com/intellij/psi/impl/FreeThreadedFileViewProvider
instanceKlass com/intellij/psi/impl/smartPointers/Identikit
instanceKlass com/intellij/psi/impl/smartPointers/SmartPointerElementInfo
instanceKlass com/intellij/sql/intentions/SqlSplitStringLiteralIntention
instanceKlass com/intellij/ui/RowIcon$$Lambda$1092
instanceKlass com/intellij/psi/impl/file/SourceRootIconProvider
instanceKlass com/intellij/psi/impl/file/SourceRootIconProvider$FileLayerProvider
instanceKlass com/intellij/ide/LockedIconLayerProvider
instanceKlass com/intellij/ide/IconLayerProvider
instanceKlass com/jetbrains/rider/icons/ReSharperPsiCSharpIcons
instanceKlass com/intellij/openapi/util/Iconable$LastComputedIcon
instanceKlass com/jetbrains/rider/projectView/nodes/ProjectModelNodeIconsKt$calculateProjectFileIcon$1
instanceKlass com/intellij/ide/navigationToolbar/NavBarPresentation$$Lambda$1091
instanceKlass com/intellij/ui/ListenerUtil$$Lambda$1090
instanceKlass com/intellij/ui/ListenerUtil$$Lambda$1089
instanceKlass com/intellij/ui/ListenerUtil
instanceKlass com/intellij/ide/projectView/impl/ProjectRootsUtil
instanceKlass com/intellij/ide/navigationToolbar/NavBarPresentation$$Lambda$1088
instanceKlass com/jetbrains/rider/projectView/nodes/ProjectModelNodeIconsKt
ins